# JRE version: Java(TM) SE Runtime Environment (8.0_241-b07) (build 1.8.0_241-b07)
# Java VM: Java HotSpot(TM) 64-Bit Server VM (25.241-b07 mixed mode windows-amd64 compressed oops)
Heap:
 PSYoungGen      total 445952K, used 369048K [0x00000000d5d80000, 0x00000000f7a80000, 0x0000000100000000)
  eden space 428032K, 85% used [0x00000000d5d80000,0x00000000ec243850,0x00000000eff80000)
  from space 17920K, 20% used [0x00000000eff80000,0x00000000f03227e0,0x00000000f1100000)
  to   space 17408K, 0% used [0x00000000f6980000,0x00000000f6980000,0x00000000f7a80000)
 ParOldGen       total 113664K, used 24132K [0x0000000081800000, 0x0000000088700000, 0x00000000d5d80000)
  object space 113664K, 21% used [0x0000000081800000,0x0000000082f910f8,0x0000000088700000)
 Metaspace       used 63717K, capacity 67742K, committed 67864K, reserved 1107968K
  class space    used 8729K, capacity 9443K, committed 9496K, reserved 1048576K
GC Heap History (10 events):
Event: 36.137 GC heap before
{Heap before GC invocations=16 (full 4):
 PSYoungGen      total 360448K, used 1400K [0x00000000d5d80000, 0x00000000ed480000, 0x0000000100000000)
  eden space 346112K, 0% used [0x00000000d5d80000,0x00000000d5d80000,0x00000000eaf80000)
  from space 14336K, 9% used [0x00000000ec680000,0x00000000ec7de068,0x00000000ed480000)
  to   space 18944K, 0% used [0x00000000eaf80000,0x00000000eaf80000,0x00000000ec200000)
 ParOldGen       total 113664K, used 29815K [0x0000000081800000, 0x0000000088700000, 0x00000000d5d80000)
  object space 113664K, 26% used [0x0000000081800000,0x000000008351dd30,0x0000000088700000)
 Metaspace       used 56793K, capacity 60278K, committed 60440K, reserved 1101824K
  class space    used 7772K, capacity 8352K, committed 8472K, reserved 1048576K
Event: 36.574 GC heap after
Heap after GC invocations=16 (full 4):
 PSYoungGen      total 360448K, used 0K [0x00000000d5d80000, 0x00000000ed480000, 0x0000000100000000)
  eden space 346112K, 0% used [0x00000000d5d80000,0x00000000d5d80000,0x00000000eaf80000)
  from space 14336K, 0% used [0x00000000ec680000,0x00000000ec680000,0x00000000ed480000)
  to   space 18944K, 0% used [0x00000000eaf80000,0x00000000eaf80000,0x00000000ec200000)
 ParOldGen       total 113664K, used 23407K [0x0000000081800000, 0x0000000088700000, 0x00000000d5d80000)
  object space 113664K, 20% used [0x0000000081800000,0x0000000082edbe80,0x0000000088700000)
 Metaspace       used 56793K, capacity 60278K, committed 60440K, reserved 1101824K
  class space    used 7772K, capacity 8352K, committed 8472K, reserved 1048576K
}
Event: 38.511 GC heap before
{Heap before GC invocations=17 (full 4):
 PSYoungGen      total 360448K, used 346112K [0x00000000d5d80000, 0x00000000ed480000, 0x0000000100000000)
  eden space 346112K, 100% used [0x00000000d5d80000,0x00000000eaf80000,0x00000000eaf80000)
  from space 14336K, 0% used [0x00000000ec680000,0x00000000ec680000,0x00000000ed480000)
  to   space 18944K, 0% used [0x00000000eaf80000,0x00000000eaf80000,0x00000000ec200000)
 ParOldGen       total 113664K, used 23407K [0x0000000081800000, 0x0000000088700000, 0x00000000d5d80000)
  object space 113664K, 20% used [0x0000000081800000,0x0000000082edbe80,0x0000000088700000)
 Metaspace       used 56883K, capacity 60434K, committed 60696K, reserved 1101824K
  class space    used 7788K, capacity 8398K, committed 8472K, reserved 1048576K
Event: 38.518 GC heap after
Heap after GC invocations=17 (full 4):
 PSYoungGen      total 365056K, used 2881K [0x00000000d5d80000, 0x00000000f2380000, 0x0000000100000000)
  eden space 346112K, 0% used [0x00000000d5d80000,0x00000000d5d80000,0x00000000eaf80000)
  from space 18944K, 15% used [0x00000000eaf80000,0x00000000eb250770,0x00000000ec200000)
  to   space 18432K, 0% used [0x00000000f1180000,0x00000000f1180000,0x00000000f2380000)
 ParOldGen       total 113664K, used 23415K [0x0000000081800000, 0x0000000088700000, 0x00000000d5d80000)
  object space 113664K, 20% used [0x0000000081800000,0x0000000082edde80,0x0000000088700000)
 Metaspace       used 56883K, capacity 60434K, committed 60696K, reserved 1101824K
  class space    used 7788K, capacity 8398K, committed 8472K, reserved 1048576K
}
Event: 59.914 GC heap before
{Heap before GC invocations=18 (full 4):
 PSYoungGen      total 365056K, used 209152K [0x00000000d5d80000, 0x00000000f2380000, 0x0000000100000000)
  eden space 346112K, 59% used [0x00000000d5d80000,0x00000000e26ef8d8,0x00000000eaf80000)
  from space 18944K, 15% used [0x00000000eaf80000,0x00000000eb250770,0x00000000ec200000)
  to   space 18432K, 0% used [0x00000000f1180000,0x00000000f1180000,0x00000000f2380000)
 ParOldGen       total 113664K, used 23415K [0x0000000081800000, 0x0000000088700000, 0x00000000d5d80000)
  object space 113664K, 20% used [0x0000000081800000,0x0000000082edde80,0x0000000088700000)
 Metaspace       used 57395K, capacity 61050K, committed 61208K, reserved 1101824K
  class space    used 7845K, capacity 8459K, committed 8472K, reserved 1048576K
Event: 59.928 GC heap after
Heap after GC invocations=18 (full 4):
 PSYoungGen      total 445440K, used 4105K [0x00000000d5d80000, 0x00000000f2280000, 0x0000000100000000)
  eden space 428032K, 0% used [0x00000000d5d80000,0x00000000d5d80000,0x00000000eff80000)
  from space 17408K, 23% used [0x00000000f1180000,0x00000000f15826b0,0x00000000f2280000)
  to   space 17920K, 0% used [0x00000000eff80000,0x00000000eff80000,0x00000000f1100000)
 ParOldGen       total 113664K, used 23423K [0x0000000081800000, 0x0000000088700000, 0x00000000d5d80000)
  object space 113664K, 20% used [0x0000000081800000,0x0000000082edfe80,0x0000000088700000)
 Metaspace       used 57395K, capacity 61050K, committed 61208K, reserved 1101824K
  class space    used 7845K, capacity 8459K, committed 8472K, reserved 1048576K
}
Event: 59.928 GC heap before
{Heap before GC invocations=19 (full 5):
 PSYoungGen      total 445440K, used 4105K [0x00000000d5d80000, 0x00000000f2280000, 0x0000000100000000)
  eden space 428032K, 0% used [0x00000000d5d80000,0x00000000d5d80000,0x00000000eff80000)
  from space 17408K, 23% used [0x00000000f1180000,0x00000000f15826b0,0x00000000f2280000)
  to   space 17920K, 0% used [0x00000000eff80000,0x00000000eff80000,0x00000000f1100000)
 ParOldGen       total 113664K, used 23423K [0x0000000081800000, 0x0000000088700000, 0x00000000d5d80000)
  object space 113664K, 20% used [0x0000000081800000,0x0000000082edfe80,0x0000000088700000)
 Metaspace       used 57395K, capacity 61050K, committed 61208K, reserved 1101824K
  class space    used 7845K, capacity 8459K, committed 8472K, reserved 1048576K
Event: 60.462 GC heap after
Heap after GC invocations=19 (full 5):
 PSYoungGen      total 445440K, used 0K [0x00000000d5d80000, 0x00000000f2280000, 0x0000000100000000)
  eden space 428032K, 0% used [0x00000000d5d80000,0x00000000d5d80000,0x00000000eff80000)
  from space 17408K, 0% used [0x00000000f1180000,0x00000000f1180000,0x00000000f2280000)
  to   space 17920K, 0% used [0x00000000eff80000,0x00000000eff80000,0x00000000f1100000)
 ParOldGen       total 113664K, used 24124K [0x0000000081800000, 0x0000000088700000, 0x00000000d5d80000)
  object space 113664K, 21% used [0x0000000081800000,0x0000000082f8f0f8,0x0000000088700000)
 Metaspace       used 57393K, capacity 61044K, committed 61208K, reserved 1101824K
  class space    used 7845K, capacity 8457K, committed 8472K, reserved 1048576K
}
Event: 62.444 GC heap before
{Heap before GC invocations=20 (full 5):
 PSYoungGen      total 445440K, used 428032K [0x00000000d5d80000, 0x00000000f2280000, 0x0000000100000000)
  eden space 428032K, 100% used [0x00000000d5d80000,0x00000000eff80000,0x00000000eff80000)
  from space 17408K, 0% used [0x00000000f1180000,0x00000000f1180000,0x00000000f2280000)
  to   space 17920K, 0% used [0x00000000eff80000,0x00000000eff80000,0x00000000f1100000)
 ParOldGen       total 113664K, used 24124K [0x0000000081800000, 0x0000000088700000, 0x00000000d5d80000)
  object space 113664K, 21% used [0x0000000081800000,0x0000000082f8f0f8,0x0000000088700000)
 Metaspace       used 57499K, capacity 61230K, committed 61336K, reserved 1101824K
  class space    used 7865K, capacity 8508K, committed 8600K, reserved 1048576K
Event: 62.458 GC heap after
Heap after GC invocations=20 (full 5):
 PSYoungGen      total 445952K, used 3721K [0x00000000d5d80000, 0x00000000f7a80000, 0x0000000100000000)
  eden space 428032K, 0% used [0x00000000d5d80000,0x00000000d5d80000,0x00000000eff80000)
  from space 17920K, 20% used [0x00000000eff80000,0x00000000f03227e0,0x00000000f1100000)
  to   space 17408K, 0% used [0x00000000f6980000,0x00000000f6980000,0x00000000f7a80000)
 ParOldGen       total 113664K, used 24132K [0x0000000081800000, 0x0000000088700000, 0x00000000d5d80000)
  object space 113664K, 21% used [0x0000000081800000,0x0000000082f910f8,0x0000000088700000)
 Metaspace       used 57499K, capacity 61230K, committed 61336K, reserved 1101824K
  class space    used 7865K, capacity 8508K, committed 8600K, reserved 1048576K
}

